<?xml version="1.0" encoding="UTF-8"?>
<!-- Generated by org.testng.reporters.JUnitXMLReporter -->
<testsuite hostname="DESKTOP-FVRAVKU" ignored="0" name="Create Portfolio Test" tests="5" failures="0" timestamp="2021-09-28T07:11:03 IST" time="71.328" errors="0">
  <testcase name="deletePortFolio" time="61.279" classname="testcases.suite.portfolio.DeletePortfolioTest"/>
  <testcase name="deletePortFolio" time="0.017" classname="testcases.suite.portfolio.DeletePortfolioTest">
    <skipped/>
  </testcase> <!-- deletePortFolio -->
  <testcase name="createPortFolio" time="68.263" classname="testcases.suite.portfolio.CreatePortfolioTest"/>
  <testcase name="createPortFolio" time="0.018" classname="testcases.suite.portfolio.CreatePortfolioTest">
    <skipped/>
  </testcase> <!-- createPortFolio -->
  <testcase name="createPortFolio" time="0.003" classname="testcases.suite.portfolio.CreatePortfolioTest">
    <skipped/>
  </testcase> <!-- createPortFolio -->
</testsuite> <!-- Create Portfolio Test -->
